<?xml version="1.0" encoding="UTF-8"?>
<!-- Generated by org.testng.reporters.JUnitReportReporter -->
<testsuite hostname="DESKTOP-ES7IDQB" name="Compaq.Listerner1.Test1" tests="2" failures="0" timestamp="15 Apr 2020 11:58:16 GMT" time="89.685" errors="0">
  <testcase name="searchProduct" time="52.639" classname="Compaq.Listerner1.Test1"/>
  <testcase name="fbNotifications" time="37.046" classname="Compaq.Listerner1.Test1"/>
</testsuite> <!-- Compaq.Listerner1.Test1 -->
